<?xml version="1.0" encoding="UTF-8"?>
<!-- Generated by org.testng.reporters.JUnitReportReporter -->
<testsuite hostname="DESKTOP-026TUAE" failures="0" tests="1" name="apiTestCases.AddPlace2" time="9.173" errors="0" timestamp="2021-10-07T09:24:18 IST" skipped="0">
  <testcase classname="apiTestCases.AddPlace2" name="setAPIEnvironment" time="9.173"/>
  <system-out/>
</testsuite> <!-- apiTestCases.AddPlace2 -->
