<?xml version="1.0" encoding="UTF-8"?>
<!-- Generated by org.testng.reporters.JUnitReportReporter -->
<testsuite hostname="DESKTOP-5QC8A3V" failures="0" tests="1" name="apiTestCases.AddPlace" time="24.270" errors="0" timestamp="2021-10-06T20:52:51 IST" skipped="0">
  <testcase classname="apiTestCases.AddPlace" name="setAPIEnvironment" time="24.270"/>
  <system-out/>
</testsuite> <!-- apiTestCases.AddPlace -->
